PAGfx Converter v0.10 -- by Mollusk -- resurrected by fincs -- forum.palib.info
If you have suggestions, problems or anything please come to the PAlib forums

Converting PAGfx.ini
Transparent Color: Magenta

17 sprites:
  puzzle: 256colors, 32x448, Pal: puzzle_Pal, -> puzzle_Sprite
  _5: 256colors, 64x128, Pal: _5_Pal, -> _5_Sprite
  _6: 256colors, 64x128, Pal: _6_Pal, -> _6_Sprite
  _7: 256colors, 64x128, Pal: _7_Pal, -> _7_Sprite
  _8: 256colors, 64x128, Pal: _8_Pal, -> _8_Sprite
  _9: 256colors, 64x128, Pal: _9_Pal, -> _9_Sprite
  _10: 256colors, 64x128, Pal: _10_Pal, -> _10_Sprite
  _11: 256colors, 64x128, Pal: _11_Pal, -> _11_Sprite
  _12: 256colors, 64x128, Pal: _12_Pal, -> _12_Sprite
  _13: 256colors, 64x128, Pal: _13_Pal, -> _13_Sprite
  _14: 256colors, 64x128, Pal: _14_Pal, -> _14_Sprite
  _15: 256colors, 64x128, Pal: _15_Pal, -> _15_Sprite
  _16: 256colors, 64x128, Pal: _16_Pal, -> _16_Sprite
  _1: 256colors, 64x128, Pal: _1_Pal, -> _1_Sprite
  _2: 256colors, 64x128, Pal: _2_Pal, -> _2_Sprite
  _3: 256colors, 64x128, Pal: _3_Pal, -> _3_Sprite
  _4: 256colors, 64x128, Pal: _4_Pal, -> _4_Sprite

4 backgrounds:
  bground_up : EasyBg, 256x192, Pal: bground_up_Pal, 5 tiles -> bground_up_Tiles and bground_up_Map
  main_down : EasyBg, 256x192, Pal: main_down_Pal, 38 tiles -> main_down_Tiles and main_down_Map
  main_up : EasyBg, 256x192, Pal: main_up_Pal, 243 tiles -> main_up_Tiles and main_up_Map
  bground_down : EasyBg, 256x192, Pal: bground_down_Pal, 2 tiles -> bground_down_Tiles and bground_down_Map

21 palettes:
  puzzle_Pal, 169 colors
  _5_Pal, 16 colors
  _6_Pal, 24 colors
  _7_Pal, 38 colors
  _8_Pal, 40 colors
  _9_Pal, 33 colors
  _10_Pal, 43 colors
  _11_Pal, 26 colors
  _12_Pal, 42 colors
  _13_Pal, 36 colors
  _14_Pal, 38 colors
  _15_Pal, 49 colors
  _16_Pal, 57 colors
  _1_Pal, 34 colors
  _2_Pal, 33 colors
  _3_Pal, 31 colors
  _4_Pal, 42 colors
  bground_up_Pal, 4 colors
  main_down_Pal, 18 colors
  main_up_Pal, 58 colors
  bground_down_Pal, 3 colors

Converted in 0 minutes and 0 seconds

Finished!
